Arguments: 
  /usr/local/bin/node /usr/local/bin/yarn install

PATH: 
  /Users/mihal/Downloads/google-cloud-sdk/bin:/Library/mvn/apache-maven-3.5.4/bin:/Library/Frameworks/Python.framework/Versions/3.9/bin:/usr/local/bin:/usr/bin:/bin:/usr/sbin:/sbin:/usr/local/go/bin:/usr/local/share/dotnet:/opt/X11/bin:~/.dotnet/tools:/Library/Apple/usr/bin:/Library/Frameworks/Mono.framework/Versions/Current/Commands:/Applications/Postgres.app/Contents/Versions/latest/bin

Yarn version: 
  1.22.10

Node version: 
  14.17.0

Platform: 
  darwin x64

Trace: 
  SyntaxError: /Users/mihal/projects/training/webgl-basics/package.json: Unexpected token } in JSON at position 1388
      at JSON.parse (<anonymous>)
      at /usr/local/lib/node_modules/yarn/lib/cli.js:1625:59
      at Generator.next (<anonymous>)
      at step (/usr/local/lib/node_modules/yarn/lib/cli.js:310:30)
      at /usr/local/lib/node_modules/yarn/lib/cli.js:321:13

npm manifest: 
  {
    "name": "webgl-basics",
    "version": "1.0.1",
    "main": "index.js",
    "license": "MIT",
    "scripts": {
      "start": "cross-env NODE_ENV=development webpack serve --config config/webpack.dev.js",
      "build": "cross-env NODE_ENV=production webpack --config config/webpack.prod.js",
      "lint": "eslint . src config || true"
    },
    "devDependencies": {
      "@babel/core": "~7.13.14",
      "@babel/plugin-proposal-class-properties": "~7.13.0",
      "@babel/preset-env": "~7.13.12",
      "babel-loader": "~8.2.2",
      "clean-webpack-plugin": "~3.0.0",
      "copy-webpack-plugin": "~8.1.0",
      "cross-env": "~7.0.3",
      "css-loader": "~5.2.0",
      "css-minimizer-webpack-plugin": "~1.3.0",
      "eslint": "~7.12.1",
      "eslint-config-airbnb-base": "~14.2.0",
      "eslint-config-prettier": "~8.1.0",
      "eslint-import-resolver-webpack": "~0.13.0",
      "eslint-plugin-import": "~~.22.1",
      "eslint-plugin-prettier": "~3.1.4",
      "eslint-webpack-plugin": "~2.1.0",
      "html-webpack-plugin": "~5.3.1",
      "mini-css-extract-plugin": "~1.4.0",
      "node-sass": "~5.0.0",
      "postcss-loader": "~5.2.0",
      "postcss-preset-env": "~6.7.0",
      "prettier": "~2.1.2",
      "prettier-webpack-plugin": "~1.2.0",
      "sass-loader": "~11.0.1",
      "style-loader": "~2.0.0",
      "webpack": "~5.28.0",
      "webpack-cli": "~4.6.0",
      "webpack-dev-server": "~3.11.2",
      "webpack-merge": "~5.7.3",
    },
    "dependencies": {
      "gl-matrix": "~3.4.3",
      "install": "~0.13.0",
      "npm": "~7.23.0",
      "twgl.js": "~4.19.2"
    }
  }

yarn manifest: 
  No manifest

Lockfile: 
  No lockfile
